<?xml version="1.0" encoding="UTF-8"?>
<!-- Generated by org.testng.reporters.JUnitReportReporter -->
<testsuite skipped="0" hostname="DESKTOP-CSB55GA" name="pm.orglearnigmaven.mymavenproject.HellomavenTest" tests="1" failures="0" timestamp="04 Apr 2020 19:47:00 GMT" time="0.037" errors="0">
  <testcase name="demo" time="0.037" classname="pm.orglearnigmaven.mymavenproject.HellomavenTest"/>
</testsuite> <!-- pm.orglearnigmaven.mymavenproject.HellomavenTest -->
